{"name": "Test case ID: TS34", "status": "failed", "statusDetails": {"message": "AssertionError: assert None\n +  where None = <bound method Search.assert_search_product_by_input of <Src.pages.Search.Search object at 0x0000023556985BD0>>()\n +    where <bound method Search.assert_search_product_by_input of <Src.pages.Search.Search object at 0x0000023556985BD0>> = <Src.pages.Search.Search object at 0x0000023556985BD0>.assert_search_product_by_input", "trace": "test_setup = <selenium.webdriver.chrome.webdriver.WebDriver (session=\"cc745a6a95de52563eb79aa8a40f3764\")>\n\n    @allure.description(\"validate search looks for product\")\n    @allure.severity(severity_level=\"HIGH\")\n    @allure.title(\"Test case ID: TS34\")\n    def test_1_Search_looks_for_product_by_input(test_setup):\n        try:\n            driver = test_setup\n            hp = HomePage(driver)\n            sr = Search(driver)\n            hp.click_save_button()\n            sr.Search_looks_for_product_by_input()\n            assert sr.assert_search_product_by_input()\n        except Exception as e:\n            print(e)\n            driver.save_screenshot(\"test_TS34_error.png\")\n>           raise e\n\ntests\\test_search.py:18: \n_ _ _ _ _ _ _ _ _ _ _ _ _ _ _ _ _ _ _ _ _ _ _ _ _ _ _ _ _ _ _ _ _ _ _ _ _ _ _ _ _ _ _ _ _ _ _ _ _ _ _ _ _ _ _ _ _ _ _ _ _ _ _ _ _ _ _ _ _ _ _ _ _ _ _ _ _ _ _ _ _ _ _ _ _ _ _ _ _ _ _ _\n\ntest_setup = <selenium.webdriver.chrome.webdriver.WebDriver (session=\"cc745a6a95de52563eb79aa8a40f3764\")>\n\n    @allure.description(\"validate search looks for product\")\n    @allure.severity(severity_level=\"HIGH\")\n    @allure.title(\"Test case ID: TS34\")\n    def test_1_Search_looks_for_product_by_input(test_setup):\n        try:\n            driver = test_setup\n            hp = HomePage(driver)\n            sr = Search(driver)\n            hp.click_save_button()\n            sr.Search_looks_for_product_by_input()\n>           assert sr.assert_search_product_by_input()\nE           assert None\nE            +  where None = <bound method Search.assert_search_product_by_input of <Src.pages.Search.Search object at 0x0000023556985BD0>>()\nE            +    where <bound method Search.assert_search_product_by_input of <Src.pages.Search.Search object at 0x0000023556985BD0>> = <Src.pages.Search.Search object at 0x0000023556985BD0>.assert_search_product_by_input\n\ntests\\test_search.py:14: AssertionError"}, "description": "validate search looks for product", "attachments": [{"name": "stdout", "source": "333b4afd-a5dd-41e6-8cf4-d2fde9bebc0d-attachment.txt", "type": "text/plain"}], "start": 1680419835407, "stop": 1680419836747, "uuid": "83ab2f5c-06db-4d3e-ba4e-c7bece25f505", "historyId": "ebdfb5e67e14e5eac0cbb9cda5182411", "testCaseId": "7137d70c3ed17cc83b484c708cd8eb00", "fullName": "tests.test_search#test_1_Search_looks_for_product_by_input", "labels": [{"name": "severity", "value": "HIGH"}, {"name": "parentSuite", "value": "tests"}, {"name": "suite", "value": "test_search"}, {"name": "host", "value": "DESKTOP-9HU6DH7"}, {"name": "thread", "value": "14412-MainThread"}, {"name": "framework", "value": "pytest"}, {"name": "language", "value": "cpython3"}, {"name": "package", "value": "tests.test_search"}]}