{"name": "Test case ID: TS21", "status": "broken", "statusDetails": {"message": "selenium.common.exceptions.TimeoutException: Message: \nStacktrace:\nBacktrace:\n\t(No symbol) [0x00C6DCE3]\n\t(No symbol) [0x00C039D1]\n\t(No symbol) [0x00B14DA8]\n\t(No symbol) [0x00B4019F]\n\t(No symbol) [0x00B403AB]\n\t(No symbol) [0x00B6EE62]\n\t(No symbol) [0x00B5AF14]\n\t(No symbol) [0x00B6D57C]\n\t(No symbol) [0x00B5ACC6]\n\t(No symbol) [0x00B36F68]\n\t(No symbol) [0x00B380CD]\n\tGetHandleVerifier [0x00EE3832+2506274]\n\tGetHandleVerifier [0x00F19794+2727300]\n\tGetHandleVerifier [0x00F1E36C+2746716]\n\tGetHandleVerifier [0x00D16690+617600]\n\t(No symbol) [0x00C0C712]\n\t(No symbol) [0x00C11FF8]\n\t(No symbol) [0x00C120DB]\n\t(No symbol) [0x00C1C63B]\n\tBaseThreadInitThunk [0x76157D69+25]\n\tRtlInitializeExceptionChain [0x774DB74B+107]\n\tRtlClearBits [0x774DB6CF+191]", "trace": "test_setup = <selenium.webdriver.chrome.webdriver.WebDriver (session=\"94760a18bf886f73c38e000c30f5dc13\")>\n\n    @allure.description(\"valid register to website\")\n    @allure.severity(severity_level=\"HIGH\")\n    @allure.title(\"Test case ID: TS21\")\n    def test_1_valid_register(test_setup):\n        try:\n            driver = test_setup\n            hp = HomePage(driver)\n            lgn = Login(driver)\n            reg = Register(driver)\n            hp.click_save_button()\n            lgn.move_to_login()\n            reg.move_to_register()\n            reg.register()\n            assert reg.assert_register()\n        except Exception as e:\n            print(e)\n            driver.save_screenshot(\"test_TS21_error.png\")\n>           raise e\n\ntests\\test_register.py:23: \n_ _ _ _ _ _ _ _ _ _ _ _ _ _ _ _ _ _ _ _ _ _ _ _ _ _ _ _ _ _ _ _ _ _ _ _ _ _ _ _ _ _ _ _ _ _ _ _ _ _ _ _ _ _ _ _ _ _ _ _ _ _ _ _ _ _ _ _ _ _ _ _ _ _ _ _ _ _ _ _ _ _ _ _ _ _ _ _ _ _ _ _\ntests\\test_register.py:19: in test_1_valid_register\n    assert reg.assert_register()\nSrc\\pages\\Register.py:31: in assert_register\n    return self.wait_for((By.XPATH, create_button_xpath))\ncommon.py:14: in wait_for\n    return self._wait.until(EC.presence_of_element_located(locator))\n_ _ _ _ _ _ _ _ _ _ _ _ _ _ _ _ _ _ _ _ _ _ _ _ _ _ _ _ _ _ _ _ _ _ _ _ _ _ _ _ _ _ _ _ _ _ _ _ _ _ _ _ _ _ _ _ _ _ _ _ _ _ _ _ _ _ _ _ _ _ _ _ _ _ _ _ _ _ _ _ _ _ _ _ _ _ _ _ _ _ _ _\n\nself = <selenium.webdriver.support.wait.WebDriverWait (session=\"94760a18bf886f73c38e000c30f5dc13\")>\nmethod = <function presence_of_element_located.<locals>._predicate at 0x000002675976B380>, message = ''\n\n    def until(self, method, message: str = \"\"):\n        \"\"\"Calls the method provided with the driver as an argument until the \\\n        return value does not evaluate to ``False``.\n    \n        :param method: callable(WebDriver)\n        :param message: optional message for :exc:`TimeoutException`\n        :returns: the result of the last call to `method`\n        :raises: :exc:`selenium.common.exceptions.TimeoutException` if timeout occurs\n        \"\"\"\n        screen = None\n        stacktrace = None\n    \n        end_time = time.monotonic() + self._timeout\n        while True:\n            try:\n                value = method(self._driver)\n                if value:\n                    return value\n            except self._ignored_exceptions as exc:\n                screen = getattr(exc, \"screen\", None)\n                stacktrace = getattr(exc, \"stacktrace\", None)\n            time.sleep(self._poll)\n            if time.monotonic() > end_time:\n                break\n>       raise TimeoutException(message, screen, stacktrace)\nE       selenium.common.exceptions.TimeoutException: Message: \nE       Stacktrace:\nE       Backtrace:\nE       \t(No symbol) [0x00C6DCE3]\nE       \t(No symbol) [0x00C039D1]\nE       \t(No symbol) [0x00B14DA8]\nE       \t(No symbol) [0x00B4019F]\nE       \t(No symbol) [0x00B403AB]\nE       \t(No symbol) [0x00B6EE62]\nE       \t(No symbol) [0x00B5AF14]\nE       \t(No symbol) [0x00B6D57C]\nE       \t(No symbol) [0x00B5ACC6]\nE       \t(No symbol) [0x00B36F68]\nE       \t(No symbol) [0x00B380CD]\nE       \tGetHandleVerifier [0x00EE3832+2506274]\nE       \tGetHandleVerifier [0x00F19794+2727300]\nE       \tGetHandleVerifier [0x00F1E36C+2746716]\nE       \tGetHandleVerifier [0x00D16690+617600]\nE       \t(No symbol) [0x00C0C712]\nE       \t(No symbol) [0x00C11FF8]\nE       \t(No symbol) [0x00C120DB]\nE       \t(No symbol) [0x00C1C63B]\nE       \tBaseThreadInitThunk [0x76157D69+25]\nE       \tRtlInitializeExceptionChain [0x774DB74B+107]\nE       \tRtlClearBits [0x774DB6CF+191]\n\nvenv\\Lib\\site-packages\\selenium\\webdriver\\support\\wait.py:95: TimeoutException"}, "description": "valid register to website", "attachments": [{"name": "stdout", "source": "2be5fab3-5b10-4d94-9f0b-2a0e70e31425-attachment.txt", "type": "text/plain"}], "start": 1680263821918, "stop": 1680263834204, "uuid": "1418f151-173e-4730-9c24-1c0b535d2421", "historyId": "e75fc52513b33b6ff3228e4f9a3e49df", "testCaseId": "cd6d752efaaf5a4b4182ce26fc60bf23", "fullName": "tests.test_register#test_1_valid_register", "labels": [{"name": "severity", "value": "HIGH"}, {"name": "parentSuite", "value": "tests"}, {"name": "suite", "value": "test_register"}, {"name": "host", "value": "DESKTOP-9HU6DH7"}, {"name": "thread", "value": "24172-MainThread"}, {"name": "framework", "value": "pytest"}, {"name": "language", "value": "cpython3"}, {"name": "package", "value": "tests.test_register"}]}