{"name": "Test case ID: TS20", "status": "failed", "statusDetails": {"message": "AssertionError: assert None == 'No Such User Please Register'", "trace": "test_setup = <selenium.webdriver.chrome.webdriver.WebDriver (session=\"8ba77ae049254d1a2ea328032814439e\")>\n\n    @allure.description(\"to check if a user can login with invalid credantials\")\n    @allure.severity(severity_level=\"NORMAL\")\n    @allure.title(\"Test case ID: TS20\")\n    def test_2_invalid_login(test_setup):\n        try:\n            driver = test_setup\n            hp = HomePage(driver)\n            lgn = Login(driver)\n            hp.click_save_button()\n            lgn.move_to_login()\n            lgn.login(\"5557777788\")\n            lgn.submit_login()\n            form_message_xpath = '//*[@id=\"root\"]/div/div[4]/div/div/div/div/form/div[3]'\n            form_message = WebDriverWait(driver, 3).until(EC.visibility_of_element_located((By.XPATH, form_message_xpath))).get_attribute(\"innertext\")\n            assert form_message == \"No Such User Please Register\"\n        except Exception as e:\n            print(e)\n            driver.save_screenshot(\"test_TS20_error.png\")\n>           raise e\n\ntests\\test_login.py:54: \n_ _ _ _ _ _ _ _ _ _ _ _ _ _ _ _ _ _ _ _ _ _ _ _ _ _ _ _ _ _ _ _ _ _ _ _ _ _ _ _ _ _ _ _ _ _ _ _ _ _ _ _ _ _ _ _ _ _ _ _ _ _ _ _ _ _ _ _ _ _ _ _ _ _ _ _ _ _ _ _ _ _ _ _ _ _ _ _ _ _ _ _\n\ntest_setup = <selenium.webdriver.chrome.webdriver.WebDriver (session=\"8ba77ae049254d1a2ea328032814439e\")>\n\n    @allure.description(\"to check if a user can login with invalid credantials\")\n    @allure.severity(severity_level=\"NORMAL\")\n    @allure.title(\"Test case ID: TS20\")\n    def test_2_invalid_login(test_setup):\n        try:\n            driver = test_setup\n            hp = HomePage(driver)\n            lgn = Login(driver)\n            hp.click_save_button()\n            lgn.move_to_login()\n            lgn.login(\"5557777788\")\n            lgn.submit_login()\n            form_message_xpath = '//*[@id=\"root\"]/div/div[4]/div/div/div/div/form/div[3]'\n            form_message = WebDriverWait(driver, 3).until(EC.visibility_of_element_located((By.XPATH, form_message_xpath))).get_attribute(\"innertext\")\n>           assert form_message == \"No Such User Please Register\"\nE           AssertionError: assert None == 'No Such User Please Register'\n\ntests\\test_login.py:50: AssertionError"}, "description": "to check if a user can login with invalid credantials", "attachments": [{"name": "stdout", "source": "0ffdf999-2665-4f03-b28e-990ea026ebe4-attachment.txt", "type": "text/plain"}], "start": 1680263681033, "stop": 1680263682427, "uuid": "2bf214d7-42be-448d-a443-32eee927a430", "historyId": "1af928d71f9cb566986b745a878bd9cb", "testCaseId": "7f16fae5386cb29d4177bb7e03344e40", "fullName": "tests.test_login#test_2_invalid_login", "labels": [{"name": "severity", "value": "NORMAL"}, {"name": "parentSuite", "value": "tests"}, {"name": "suite", "value": "test_login"}, {"name": "host", "value": "DESKTOP-9HU6DH7"}, {"name": "thread", "value": "24172-MainThread"}, {"name": "framework", "value": "pytest"}, {"name": "language", "value": "cpython3"}, {"name": "package", "value": "tests.test_login"}]}