{"name": "Test case ID: TS04", "status": "broken", "statusDetails": {"message": "selenium.common.exceptions.TimeoutException: Message: \nStacktrace:\nBacktrace:\n\t(No symbol) [0x0073DCE3]\n\t(No symbol) [0x006D39D1]\n\t(No symbol) [0x005E4DA8]\n\t(No symbol) [0x0061019F]\n\t(No symbol) [0x006103AB]\n\t(No symbol) [0x0063EE62]\n\t(No symbol) [0x0062AF14]\n\t(No symbol) [0x0063D57C]\n\t(No symbol) [0x0062ACC6]\n\t(No symbol) [0x00606F68]\n\t(No symbol) [0x006080CD]\n\tGetHandleVerifier [0x009B3832+2506274]\n\tGetHandleVerifier [0x009E9794+2727300]\n\tGetHandleVerifier [0x009EE36C+2746716]\n\tGetHandleVerifier [0x007E6690+617600]\n\t(No symbol) [0x006DC712]\n\t(No symbol) [0x006E1FF8]\n\t(No symbol) [0x006E20DB]\n\t(No symbol) [0x006EC63B]\n\tBaseThreadInitThunk [0x76157D69+25]\n\tRtlInitializeExceptionChain [0x774DB74B+107]\n\tRtlClearBits [0x774DB6CF+191]", "trace": "test_setup = <selenium.webdriver.chrome.webdriver.WebDriver (session=\"a2b216be9fa4e9338862d1afdff3164a\")>\n\n    @allure.description(\"validate functionality of left arrow\")\n    @allure.severity(severity_level=\"NORMAL\")\n    @allure.title(\"Test case ID: TS04\")\n    def test_3_send_details_to_commercial_man_with_tablet(test_setup):\n        try:\n            driver = test_setup\n            hp = HomePage(driver)\n            hp.click_save_button()\n            hp.send_details_to_commercial_man_with_tablet()\n            assert hp.assert_commercial_man_with_tablet()\n        except Exception as e:\n            print(e)\n            driver.save_screenshot(\"test_TS04_error.png\")\n>           raise e\n\ntests\\test_homepage.py:49: \n_ _ _ _ _ _ _ _ _ _ _ _ _ _ _ _ _ _ _ _ _ _ _ _ _ _ _ _ _ _ _ _ _ _ _ _ _ _ _ _ _ _ _ _ _ _ _ _ _ _ _ _ _ _ _ _ _ _ _ _ _ _ _ _ _ _ _ _ _ _ _ _ _ _ _ _ _ _ _ _ _ _ _ _ _ _ _ _ _ _ _ _\ntests\\test_homepage.py:45: in test_3_send_details_to_commercial_man_with_tablet\n    assert hp.assert_commercial_man_with_tablet()\nSrc\\pages\\HomePage.py:65: in assert_commercial_man_with_tablet\n    return self.wait_for((By.ID, sent_element))\ncommon.py:14: in wait_for\n    return self._wait.until(EC.presence_of_element_located(locator))\n_ _ _ _ _ _ _ _ _ _ _ _ _ _ _ _ _ _ _ _ _ _ _ _ _ _ _ _ _ _ _ _ _ _ _ _ _ _ _ _ _ _ _ _ _ _ _ _ _ _ _ _ _ _ _ _ _ _ _ _ _ _ _ _ _ _ _ _ _ _ _ _ _ _ _ _ _ _ _ _ _ _ _ _ _ _ _ _ _ _ _ _\n\nself = <selenium.webdriver.support.wait.WebDriverWait (session=\"a2b216be9fa4e9338862d1afdff3164a\")>\nmethod = <function presence_of_element_located.<locals>._predicate at 0x00000235568D4EA0>, message = ''\n\n    def until(self, method, message: str = \"\"):\n        \"\"\"Calls the method provided with the driver as an argument until the \\\n        return value does not evaluate to ``False``.\n    \n        :param method: callable(WebDriver)\n        :param message: optional message for :exc:`TimeoutException`\n        :returns: the result of the last call to `method`\n        :raises: :exc:`selenium.common.exceptions.TimeoutException` if timeout occurs\n        \"\"\"\n        screen = None\n        stacktrace = None\n    \n        end_time = time.monotonic() + self._timeout\n        while True:\n            try:\n                value = method(self._driver)\n                if value:\n                    return value\n            except self._ignored_exceptions as exc:\n                screen = getattr(exc, \"screen\", None)\n                stacktrace = getattr(exc, \"stacktrace\", None)\n            time.sleep(self._poll)\n            if time.monotonic() > end_time:\n                break\n>       raise TimeoutException(message, screen, stacktrace)\nE       selenium.common.exceptions.TimeoutException: Message: \nE       Stacktrace:\nE       Backtrace:\nE       \t(No symbol) [0x0073DCE3]\nE       \t(No symbol) [0x006D39D1]\nE       \t(No symbol) [0x005E4DA8]\nE       \t(No symbol) [0x0061019F]\nE       \t(No symbol) [0x006103AB]\nE       \t(No symbol) [0x0063EE62]\nE       \t(No symbol) [0x0062AF14]\nE       \t(No symbol) [0x0063D57C]\nE       \t(No symbol) [0x0062ACC6]\nE       \t(No symbol) [0x00606F68]\nE       \t(No symbol) [0x006080CD]\nE       \tGetHandleVerifier [0x009B3832+2506274]\nE       \tGetHandleVerifier [0x009E9794+2727300]\nE       \tGetHandleVerifier [0x009EE36C+2746716]\nE       \tGetHandleVerifier [0x007E6690+617600]\nE       \t(No symbol) [0x006DC712]\nE       \t(No symbol) [0x006E1FF8]\nE       \t(No symbol) [0x006E20DB]\nE       \t(No symbol) [0x006EC63B]\nE       \tBaseThreadInitThunk [0x76157D69+25]\nE       \tRtlInitializeExceptionChain [0x774DB74B+107]\nE       \tRtlClearBits [0x774DB6CF+191]\n\nvenv\\Lib\\site-packages\\selenium\\webdriver\\support\\wait.py:95: TimeoutException"}, "description": "validate functionality of left arrow", "attachments": [{"name": "stdout", "source": "e8b38e64-50e9-4929-a109-cf9ca83f72c4-attachment.txt", "type": "text/plain"}], "start": 1680419577651, "stop": 1680419589218, "uuid": "7a4fb160-4144-4786-b9b3-d3b7c1cfef0d", "historyId": "faef707aa90529d3d33ff7d5f949c375", "testCaseId": "82d89abad5e4a0d90487de40d56d54d7", "fullName": "tests.test_homepage#test_3_send_details_to_commercial_man_with_tablet", "labels": [{"name": "severity", "value": "NORMAL"}, {"name": "parentSuite", "value": "tests"}, {"name": "suite", "value": "test_homepage"}, {"name": "host", "value": "DESKTOP-9HU6DH7"}, {"name": "thread", "value": "14412-MainThread"}, {"name": "framework", "value": "pytest"}, {"name": "language", "value": "cpython3"}, {"name": "package", "value": "tests.test_homepage"}]}