{"name": "Test case ID: TS34", "status": "failed", "statusDetails": {"message": "AssertionError: assert None\n +  where None = <bound method Search.assert_search_product_by_input of <Src.pages.Search.Search object at 0x000001699F2F3A10>>()\n +    where <bound method Search.assert_search_product_by_input of <Src.pages.Search.Search object at 0x000001699F2F3A10>> = <Src.pages.Search.Search object at 0x000001699F2F3A10>.assert_search_product_by_input", "trace": "test_setup = <selenium.webdriver.chrome.webdriver.WebDriver (session=\"d96cdf11a7efa1706158f8cfa146be1a\")>\n\n    @allure.description(\"validate search looks for product\")\n    @allure.severity(severity_level=\"HIGH\")\n    @allure.title(\"Test case ID: TS34\")\n    def test_1_Search_looks_for_product_by_input(test_setup):\n        try:\n            driver = test_setup\n            hp = HomePage(driver)\n            sr = Search(driver)\n            hp.click_save_button()\n            sr.Search_looks_for_product_by_input()\n            assert sr.assert_search_product_by_input()\n        except Exception as e:\n            print(e)\n            driver.save_screenshot(\"test_TS34_error.png\")\n>           raise e\n\ntests\\test_search.py:18: \n_ _ _ _ _ _ _ _ _ _ _ _ _ _ _ _ _ _ _ _ _ _ _ _ _ _ _ _ _ _ _ _ _ _ _ _ _ _ _ _ _ _ _ _ _ _ _ _ _ _ _ _ _ _ _ _ _ _ _ _ _ _ _ _ _ _ _ _ _ _ _ _ _ _ _ _ _ _ _ _ _ _ _ _ _ _ _ _ _ _ _ _\n\ntest_setup = <selenium.webdriver.chrome.webdriver.WebDriver (session=\"d96cdf11a7efa1706158f8cfa146be1a\")>\n\n    @allure.description(\"validate search looks for product\")\n    @allure.severity(severity_level=\"HIGH\")\n    @allure.title(\"Test case ID: TS34\")\n    def test_1_Search_looks_for_product_by_input(test_setup):\n        try:\n            driver = test_setup\n            hp = HomePage(driver)\n            sr = Search(driver)\n            hp.click_save_button()\n            sr.Search_looks_for_product_by_input()\n>           assert sr.assert_search_product_by_input()\nE           assert None\nE            +  where None = <bound method Search.assert_search_product_by_input of <Src.pages.Search.Search object at 0x000001699F2F3A10>>()\nE            +    where <bound method Search.assert_search_product_by_input of <Src.pages.Search.Search object at 0x000001699F2F3A10>> = <Src.pages.Search.Search object at 0x000001699F2F3A10>.assert_search_product_by_input\n\ntests\\test_search.py:14: AssertionError"}, "description": "validate search looks for product", "attachments": [{"name": "stdout", "source": "3d6c3c43-952d-408d-b6bd-eafac681fbf7-attachment.txt", "type": "text/plain"}], "start": 1680424994107, "stop": 1680424995137, "uuid": "a37bd811-0daa-4777-8139-27dd468bc337", "historyId": "ebdfb5e67e14e5eac0cbb9cda5182411", "testCaseId": "7137d70c3ed17cc83b484c708cd8eb00", "fullName": "tests.test_search#test_1_Search_looks_for_product_by_input", "labels": [{"name": "severity", "value": "HIGH"}, {"name": "parentSuite", "value": "tests"}, {"name": "suite", "value": "test_search"}, {"name": "host", "value": "DESKTOP-9HU6DH7"}, {"name": "thread", "value": "34884-MainThread"}, {"name": "framework", "value": "pytest"}, {"name": "language", "value": "cpython3"}, {"name": "package", "value": "tests.test_search"}]}