{"name": "Test case ID: TS37", "status": "broken", "statusDetails": {"message": "selenium.common.exceptions.TimeoutException: Message: \nStacktrace:\nBacktrace:\n\t(No symbol) [0x0073DCE3]\n\t(No symbol) [0x006D39D1]\n\t(No symbol) [0x005E4DA8]\n\t(No symbol) [0x0061019F]\n\t(No symbol) [0x006103AB]\n\t(No symbol) [0x0063EE62]\n\t(No symbol) [0x0062AF14]\n\t(No symbol) [0x0063D57C]\n\t(No symbol) [0x0062ACC6]\n\t(No symbol) [0x00606F68]\n\t(No symbol) [0x006080CD]\n\tGetHandleVerifier [0x009B3832+2506274]\n\tGetHandleVerifier [0x009E9794+2727300]\n\tGetHandleVerifier [0x009EE36C+2746716]\n\tGetHandleVerifier [0x007E6690+617600]\n\t(No symbol) [0x006DC712]\n\t(No symbol) [0x006E1FF8]\n\t(No symbol) [0x006E20DB]\n\t(No symbol) [0x006EC63B]\n\tBaseThreadInitThunk [0x76157D69+25]\n\tRtlInitializeExceptionChain [0x774DB74B+107]\n\tRtlClearBits [0x774DB6CF+191]", "trace": "test_setup = <selenium.webdriver.chrome.webdriver.WebDriver (session=\"ab64bc9e3ad93d68cf79c83143acf363\")>\n\n    @allure.description(\"valid form delivery details\")\n    @allure.severity(severity_level=\"CRITICAL\")\n    @allure.title(\"Test case ID: TS37\")\n    def test_4_Valid_delivery_details(test_setup):\n        try:\n            driver = test_setup\n            hp = HomePage(driver)\n            lgn = Login(driver)\n            per = PersonalArea(driver)\n            hp.click_save_button()\n            lgn.move_to_login()\n            lgn.login(\"0586691039\")\n            lgn.submit_login()\n            lgn.login_input_squares()\n            lgn.submit_secret_code()\n            per.personal_area()\n            per.Valid_delivery_details()\n            assert not per.assert_valid_delivery_details()\n        except Exception as e:\n            print(e)\n            driver.save_screenshot(\"test_TS37_error.png\")\n>           raise e\n\ntests\\test_personal_area.py:99: \n_ _ _ _ _ _ _ _ _ _ _ _ _ _ _ _ _ _ _ _ _ _ _ _ _ _ _ _ _ _ _ _ _ _ _ _ _ _ _ _ _ _ _ _ _ _ _ _ _ _ _ _ _ _ _ _ _ _ _ _ _ _ _ _ _ _ _ _ _ _ _ _ _ _ _ _ _ _ _ _ _ _ _ _ _ _ _ _ _ _ _ _\ntests\\test_personal_area.py:94: in test_4_Valid_delivery_details\n    per.Valid_delivery_details()\nSrc\\pages\\Persona_Area.py:84: in Valid_delivery_details\n    self.wait_for((By.XPATH, save_button_xpath)).click()\ncommon.py:14: in wait_for\n    return self._wait.until(EC.presence_of_element_located(locator))\n_ _ _ _ _ _ _ _ _ _ _ _ _ _ _ _ _ _ _ _ _ _ _ _ _ _ _ _ _ _ _ _ _ _ _ _ _ _ _ _ _ _ _ _ _ _ _ _ _ _ _ _ _ _ _ _ _ _ _ _ _ _ _ _ _ _ _ _ _ _ _ _ _ _ _ _ _ _ _ _ _ _ _ _ _ _ _ _ _ _ _ _\n\nself = <selenium.webdriver.support.wait.WebDriverWait (session=\"ab64bc9e3ad93d68cf79c83143acf363\")>\nmethod = <function presence_of_element_located.<locals>._predicate at 0x000002355690FCE0>, message = ''\n\n    def until(self, method, message: str = \"\"):\n        \"\"\"Calls the method provided with the driver as an argument until the \\\n        return value does not evaluate to ``False``.\n    \n        :param method: callable(WebDriver)\n        :param message: optional message for :exc:`TimeoutException`\n        :returns: the result of the last call to `method`\n        :raises: :exc:`selenium.common.exceptions.TimeoutException` if timeout occurs\n        \"\"\"\n        screen = None\n        stacktrace = None\n    \n        end_time = time.monotonic() + self._timeout\n        while True:\n            try:\n                value = method(self._driver)\n                if value:\n                    return value\n            except self._ignored_exceptions as exc:\n                screen = getattr(exc, \"screen\", None)\n                stacktrace = getattr(exc, \"stacktrace\", None)\n            time.sleep(self._poll)\n            if time.monotonic() > end_time:\n                break\n>       raise TimeoutException(message, screen, stacktrace)\nE       selenium.common.exceptions.TimeoutException: Message: \nE       Stacktrace:\nE       Backtrace:\nE       \t(No symbol) [0x0073DCE3]\nE       \t(No symbol) [0x006D39D1]\nE       \t(No symbol) [0x005E4DA8]\nE       \t(No symbol) [0x0061019F]\nE       \t(No symbol) [0x006103AB]\nE       \t(No symbol) [0x0063EE62]\nE       \t(No symbol) [0x0062AF14]\nE       \t(No symbol) [0x0063D57C]\nE       \t(No symbol) [0x0062ACC6]\nE       \t(No symbol) [0x00606F68]\nE       \t(No symbol) [0x006080CD]\nE       \tGetHandleVerifier [0x009B3832+2506274]\nE       \tGetHandleVerifier [0x009E9794+2727300]\nE       \tGetHandleVerifier [0x009EE36C+2746716]\nE       \tGetHandleVerifier [0x007E6690+617600]\nE       \t(No symbol) [0x006DC712]\nE       \t(No symbol) [0x006E1FF8]\nE       \t(No symbol) [0x006E20DB]\nE       \t(No symbol) [0x006EC63B]\nE       \tBaseThreadInitThunk [0x76157D69+25]\nE       \tRtlInitializeExceptionChain [0x774DB74B+107]\nE       \tRtlClearBits [0x774DB6CF+191]\n\nvenv\\Lib\\site-packages\\selenium\\webdriver\\support\\wait.py:95: TimeoutException"}, "description": "valid form delivery details", "attachments": [{"name": "stdout", "source": "18ee1b40-ccc0-4db5-88ec-5fae7167be70-attachment.txt", "type": "text/plain"}], "start": 1680419716154, "stop": 1680419731633, "uuid": "8135b6fe-bba6-4337-9a1d-cbfe6dfe3042", "historyId": "ed1341a353f91c60a333a1430bb123b4", "testCaseId": "414adcc8e7a7d5104c3ff92ec4523584", "fullName": "tests.test_personal_area#test_4_Valid_delivery_details", "labels": [{"name": "severity", "value": "CRITICAL"}, {"name": "parentSuite", "value": "tests"}, {"name": "suite", "value": "test_personal_area"}, {"name": "host", "value": "DESKTOP-9HU6DH7"}, {"name": "thread", "value": "14412-MainThread"}, {"name": "framework", "value": "pytest"}, {"name": "language", "value": "cpython3"}, {"name": "package", "value": "tests.test_personal_area"}]}