{"name": "Test case ID: TS04", "status": "broken", "statusDetails": {"message": "selenium.common.exceptions.TimeoutException: Message: \nStacktrace:\nBacktrace:\n\t(No symbol) [0x00C6DCE3]\n\t(No symbol) [0x00C039D1]\n\t(No symbol) [0x00B14DA8]\n\t(No symbol) [0x00B4019F]\n\t(No symbol) [0x00B403AB]\n\t(No symbol) [0x00B6EE62]\n\t(No symbol) [0x00B5AF14]\n\t(No symbol) [0x00B6D57C]\n\t(No symbol) [0x00B5ACC6]\n\t(No symbol) [0x00B36F68]\n\t(No symbol) [0x00B380CD]\n\tGetHandleVerifier [0x00EE3832+2506274]\n\tGetHandleVerifier [0x00F19794+2727300]\n\tGetHandleVerifier [0x00F1E36C+2746716]\n\tGetHandleVerifier [0x00D16690+617600]\n\t(No symbol) [0x00C0C712]\n\t(No symbol) [0x00C11FF8]\n\t(No symbol) [0x00C120DB]\n\t(No symbol) [0x00C1C63B]\n\tBaseThreadInitThunk [0x76157D69+25]\n\tRtlInitializeExceptionChain [0x774DB74B+107]\n\tRtlClearBits [0x774DB6CF+191]", "trace": "test_setup = <selenium.webdriver.chrome.webdriver.WebDriver (session=\"87d28de8410ce071971b827f779419eb\")>\n\n    @allure.description(\"validate functionality of left arrow\")\n    @allure.severity(severity_level=\"NORMAL\")\n    @allure.title(\"Test case ID: TS04\")\n    def test_3_send_details_to_commercial_man_with_tablet(test_setup):\n        try:\n            driver = test_setup\n            hp = HomePage(driver)\n            hp.click_save_button()\n            hp.send_details_to_commercial_man_with_tablet()\n            assert hp.assert_commercial_man_with_tablet()\n        except Exception as e:\n            print(e)\n            driver.save_screenshot(\"test_TS04_error.png\")\n>           raise e\n\ntests\\test_homepage.py:49: \n_ _ _ _ _ _ _ _ _ _ _ _ _ _ _ _ _ _ _ _ _ _ _ _ _ _ _ _ _ _ _ _ _ _ _ _ _ _ _ _ _ _ _ _ _ _ _ _ _ _ _ _ _ _ _ _ _ _ _ _ _ _ _ _ _ _ _ _ _ _ _ _ _ _ _ _ _ _ _ _ _ _ _ _ _ _ _ _ _ _ _ _\ntests\\test_homepage.py:45: in test_3_send_details_to_commercial_man_with_tablet\n    assert hp.assert_commercial_man_with_tablet()\nSrc\\pages\\HomePage.py:65: in assert_commercial_man_with_tablet\n    return self.wait_for((By.ID, sent_element))\ncommon.py:14: in wait_for\n    return self._wait.until(EC.presence_of_element_located(locator))\n_ _ _ _ _ _ _ _ _ _ _ _ _ _ _ _ _ _ _ _ _ _ _ _ _ _ _ _ _ _ _ _ _ _ _ _ _ _ _ _ _ _ _ _ _ _ _ _ _ _ _ _ _ _ _ _ _ _ _ _ _ _ _ _ _ _ _ _ _ _ _ _ _ _ _ _ _ _ _ _ _ _ _ _ _ _ _ _ _ _ _ _\n\nself = <selenium.webdriver.support.wait.WebDriverWait (session=\"87d28de8410ce071971b827f779419eb\")>\nmethod = <function presence_of_element_located.<locals>._predicate at 0x0000026759769580>, message = ''\n\n    def until(self, method, message: str = \"\"):\n        \"\"\"Calls the method provided with the driver as an argument until the \\\n        return value does not evaluate to ``False``.\n    \n        :param method: callable(WebDriver)\n        :param message: optional message for :exc:`TimeoutException`\n        :returns: the result of the last call to `method`\n        :raises: :exc:`selenium.common.exceptions.TimeoutException` if timeout occurs\n        \"\"\"\n        screen = None\n        stacktrace = None\n    \n        end_time = time.monotonic() + self._timeout\n        while True:\n            try:\n                value = method(self._driver)\n                if value:\n                    return value\n            except self._ignored_exceptions as exc:\n                screen = getattr(exc, \"screen\", None)\n                stacktrace = getattr(exc, \"stacktrace\", None)\n            time.sleep(self._poll)\n            if time.monotonic() > end_time:\n                break\n>       raise TimeoutException(message, screen, stacktrace)\nE       selenium.common.exceptions.TimeoutException: Message: \nE       Stacktrace:\nE       Backtrace:\nE       \t(No symbol) [0x00C6DCE3]\nE       \t(No symbol) [0x00C039D1]\nE       \t(No symbol) [0x00B14DA8]\nE       \t(No symbol) [0x00B4019F]\nE       \t(No symbol) [0x00B403AB]\nE       \t(No symbol) [0x00B6EE62]\nE       \t(No symbol) [0x00B5AF14]\nE       \t(No symbol) [0x00B6D57C]\nE       \t(No symbol) [0x00B5ACC6]\nE       \t(No symbol) [0x00B36F68]\nE       \t(No symbol) [0x00B380CD]\nE       \tGetHandleVerifier [0x00EE3832+2506274]\nE       \tGetHandleVerifier [0x00F19794+2727300]\nE       \tGetHandleVerifier [0x00F1E36C+2746716]\nE       \tGetHandleVerifier [0x00D16690+617600]\nE       \t(No symbol) [0x00C0C712]\nE       \t(No symbol) [0x00C11FF8]\nE       \t(No symbol) [0x00C120DB]\nE       \t(No symbol) [0x00C1C63B]\nE       \tBaseThreadInitThunk [0x76157D69+25]\nE       \tRtlInitializeExceptionChain [0x774DB74B+107]\nE       \tRtlClearBits [0x774DB6CF+191]\n\nvenv\\Lib\\site-packages\\selenium\\webdriver\\support\\wait.py:95: TimeoutException"}, "description": "validate functionality of left arrow", "attachments": [{"name": "stdout", "source": "4206677f-11b0-4247-8bec-1c5115668985-attachment.txt", "type": "text/plain"}], "start": 1680263555872, "stop": 1680263567881, "uuid": "1c474a8f-ba99-409c-8150-5c12c4558817", "historyId": "faef707aa90529d3d33ff7d5f949c375", "testCaseId": "82d89abad5e4a0d90487de40d56d54d7", "fullName": "tests.test_homepage#test_3_send_details_to_commercial_man_with_tablet", "labels": [{"name": "severity", "value": "NORMAL"}, {"name": "parentSuite", "value": "tests"}, {"name": "suite", "value": "test_homepage"}, {"name": "host", "value": "DESKTOP-9HU6DH7"}, {"name": "thread", "value": "24172-MainThread"}, {"name": "framework", "value": "pytest"}, {"name": "language", "value": "cpython3"}, {"name": "package", "value": "tests.test_homepage"}]}