{"name": "Test case ID: TS34", "status": "failed", "statusDetails": {"message": "AssertionError: assert None\n +  where None = <bound method Search.assert_search_product_by_input of <Src.pages.Search.Search object at 0x00000267596B9150>>()\n +    where <bound method Search.assert_search_product_by_input of <Src.pages.Search.Search object at 0x00000267596B9150>> = <Src.pages.Search.Search object at 0x00000267596B9150>.assert_search_product_by_input", "trace": "test_setup = <selenium.webdriver.chrome.webdriver.WebDriver (session=\"354de1de0937e1ce9c89eb5ececb49fe\")>\n\n    @allure.description(\"validate search looks for product\")\n    @allure.severity(severity_level=\"HIGH\")\n    @allure.title(\"Test case ID: TS34\")\n    def test_1_Search_looks_for_product_by_input(test_setup):\n        try:\n            driver = test_setup\n            hp = HomePage(driver)\n            sr = Search(driver)\n            hp.click_save_button()\n            sr.Search_looks_for_product_by_input()\n            assert sr.assert_search_product_by_input()\n        except Exception as e:\n            print(e)\n            driver.save_screenshot(\"test_TS34_error.png\")\n>           raise e\n\ntests\\test_search.py:18: \n_ _ _ _ _ _ _ _ _ _ _ _ _ _ _ _ _ _ _ _ _ _ _ _ _ _ _ _ _ _ _ _ _ _ _ _ _ _ _ _ _ _ _ _ _ _ _ _ _ _ _ _ _ _ _ _ _ _ _ _ _ _ _ _ _ _ _ _ _ _ _ _ _ _ _ _ _ _ _ _ _ _ _ _ _ _ _ _ _ _ _ _\n\ntest_setup = <selenium.webdriver.chrome.webdriver.WebDriver (session=\"354de1de0937e1ce9c89eb5ececb49fe\")>\n\n    @allure.description(\"validate search looks for product\")\n    @allure.severity(severity_level=\"HIGH\")\n    @allure.title(\"Test case ID: TS34\")\n    def test_1_Search_looks_for_product_by_input(test_setup):\n        try:\n            driver = test_setup\n            hp = HomePage(driver)\n            sr = Search(driver)\n            hp.click_save_button()\n            sr.Search_looks_for_product_by_input()\n>           assert sr.assert_search_product_by_input()\nE           assert None\nE            +  where None = <bound method Search.assert_search_product_by_input of <Src.pages.Search.Search object at 0x00000267596B9150>>()\nE            +    where <bound method Search.assert_search_product_by_input of <Src.pages.Search.Search object at 0x00000267596B9150>> = <Src.pages.Search.Search object at 0x00000267596B9150>.assert_search_product_by_input\n\ntests\\test_search.py:14: AssertionError"}, "description": "validate search looks for product", "attachments": [{"name": "stdout", "source": "9f07ea31-2d28-438f-ae0c-90c98b0763da-attachment.txt", "type": "text/plain"}], "start": 1680263838022, "stop": 1680263839134, "uuid": "0437ec3f-004d-44fb-b226-defa0a7ca954", "historyId": "ebdfb5e67e14e5eac0cbb9cda5182411", "testCaseId": "7137d70c3ed17cc83b484c708cd8eb00", "fullName": "tests.test_search#test_1_Search_looks_for_product_by_input", "labels": [{"name": "severity", "value": "HIGH"}, {"name": "parentSuite", "value": "tests"}, {"name": "suite", "value": "test_search"}, {"name": "host", "value": "DESKTOP-9HU6DH7"}, {"name": "thread", "value": "24172-MainThread"}, {"name": "framework", "value": "pytest"}, {"name": "language", "value": "cpython3"}, {"name": "package", "value": "tests.test_search"}]}